<?xml version="1.0" encoding="UTF-8"?>
<!-- Generated by org.testng.reporters.JUnitXMLReporter -->
<testsuite ignored="0" hostname="DESKTOP-44BBH13" failures="0" tests="6" name="Default test" time="64.059" errors="0" timestamp="2023-09-05T08:23:32 EDT">
  <testcase classname="com.test.TC01" name="VerifyLogin" time="0.471"/>
  <testcase classname="com.test.TC01" name="selectDropDown" time="10.592"/>
  <testcase classname="com.test.TC01" name="verifyCookieHandle" time="7.429"/>
  <testcase classname="com.test.TC01" name="verifyGetWindowhandle" time="17.65"/>
  <testcase classname="com.test.TC01" name="verifyMouseHover" time="7.575"/>
  <testcase classname="com.test.TC01" name="verifyScrollDown" time="7.589"/>
</testsuite> <!-- Default test -->
